<?xml version="1.0" encoding="UTF-8"?>
<!-- Generated by org.testng.reporters.JUnitReportReporter -->
<testsuite hostname="Zainaya" failures="0" tests="18" name="runners.TestRunner" time="372.122" errors="2" timestamp="2026-01-12T17:29:22 EST" skipped="0">
  <testcase classname="runners.TestRunner" name="runScenario" time="20.992"/>
  <system-out/>
  <testcase classname="runners.TestRunner" name="runScenario" time="13.685"/>
  <system-out/>
  <testcase classname="runners.TestRunner" name="runScenario" time="34.603"/>
  <system-out/>
  <testcase classname="runners.TestRunner" name="runScenario" time="11.788"/>
  <system-out/>
  <testcase classname="runners.TestRunner" name="runScenario" time="7.008"/>
  <system-out/>
  <testcase classname="runners.TestRunner" name="runScenario" time="6.050"/>
  <system-out/>
  <testcase classname="runners.TestRunner" name="runScenario" time="29.697"/>
  <system-out/>
  <testcase classname="runners.TestRunner" name="runScenario" time="6.521"/>
  <system-out/>
  <testcase classname="runners.TestRunner" name="runScenario" time="36.903"/>
  <system-out/>
  <testcase classname="runners.TestRunner" name="runScenario" time="29.991"/>
  <system-out/>
  <testcase classname="runners.TestRunner" name="runScenario" time="34.453"/>
  <system-out/>
  <testcase classname="runners.TestRunner" name="runScenario" time="11.344"/>
  <system-out/>
  <testcase classname="runners.TestRunner" name="runScenario" time="42.148">
    <error message="Unable to locate element: //div[@class=&#039;alert alert-success alert-dismissible&#039;]
For documentation on this error, please visit: https://www.selenium.dev/documentation/webdriver/troubleshooting/errors#no-such-element-exception
Build info: version: &#039;4.23.1&#039;, revision: &#039;656257d8e9&#039;
System info: os.name: &#039;Windows 11&#039;, os.arch: &#039;amd64&#039;, os.version: &#039;10.0&#039;, java.version: &#039;21.0.6&#039;
Driver info: org.openqa.selenium.firefox.FirefoxDriver
Command: [8cf59f96-7ddb-4db9-a974-43ed3b52c701, findElement {value=//div[@class=&#039;alert alert-success alert-dismissible&#039;], using=xpath}]
Capabilities {acceptInsecureCerts: true, browserName: firefox, browserVersion: 146.0.1, moz:accessibilityChecks: false, moz:buildID: 20251217121356, moz:geckodriverVersion: 0.36.0, moz:headless: false, moz:platformVersion: 10.0, moz:processID: 30668, moz:profile: C:\Users\shada\AppData\Loca..., moz:shutdownTimeout: 60000, moz:webdriverClick: true, moz:windowless: false, pageLoadStrategy: normal, platformName: windows, proxy: Proxy(), setWindowRect: true, strictFileInteractability: false, timeouts: {implicit: 0, pageLoad: 300000, script: 30000}, unhandledPromptBehavior: dismiss and notify, userAgent: Mozilla/5.0 (Windows NT 10....}
Session ID: 8cf59f96-7ddb-4db9-a974-43ed3b52c701" type="org.openqa.selenium.NoSuchElementException">
      <![CDATA[org.openqa.selenium.NoSuchElementException: Unable to locate element: //div[@class='alert alert-success alert-dismissible']
For documentation on this error, please visit: https://www.selenium.dev/documentation/webdriver/troubleshooting/errors#no-such-element-exception
Build info: version: '4.23.1', revision: '656257d8e9'
System info: os.name: 'Windows 11', os.arch: 'amd64', os.version: '10.0', java.version: '21.0.6'
Driver info: org.openqa.selenium.firefox.FirefoxDriver
Command: [8cf59f96-7ddb-4db9-a974-43ed3b52c701, findElement {value=//div[@class='alert alert-success alert-dismissible'], using=xpath}]
Capabilities {acceptInsecureCerts: true, browserName: firefox, browserVersion: 146.0.1, moz:accessibilityChecks: false, moz:buildID: 20251217121356, moz:geckodriverVersion: 0.36.0, moz:headless: false, moz:platformVersion: 10.0, moz:processID: 30668, moz:profile: C:\Users\shada\AppData\Loca..., moz:shutdownTimeout: 60000, moz:webdriverClick: true, moz:windowless: false, pageLoadStrategy: normal, platformName: windows, proxy: Proxy(), setWindowRect: true, strictFileInteractability: false, timeouts: {implicit: 0, pageLoad: 300000, script: 30000}, unhandledPromptBehavior: dismiss and notify, userAgent: Mozilla/5.0 (Windows NT 10....}
Session ID: 8cf59f96-7ddb-4db9-a974-43ed3b52c701
at java.base/jdk.internal.reflect.DirectConstructorHandleAccessor.newInstance(DirectConstructorHandleAccessor.java:62)
at java.base/java.lang.reflect.Constructor.newInstanceWithCaller(Constructor.java:502)
at java.base/java.lang.reflect.Constructor.newInstance(Constructor.java:486)
at org.openqa.selenium.remote.ErrorCodec.decode(ErrorCodec.java:167)
at org.openqa.selenium.remote.codec.w3c.W3CHttpResponseCodec.decode(W3CHttpResponseCodec.java:138)
at org.openqa.selenium.remote.codec.w3c.W3CHttpResponseCodec.decode(W3CHttpResponseCodec.java:50)
at org.openqa.selenium.remote.HttpCommandExecutor.execute(HttpCommandExecutor.java:190)
at org.openqa.selenium.remote.service.DriverCommandExecutor.invokeExecute(DriverCommandExecutor.java:216)
at org.openqa.selenium.remote.service.DriverCommandExecutor.execute(DriverCommandExecutor.java:174)
at org.openqa.selenium.remote.RemoteWebDriver.execute(RemoteWebDriver.java:545)
at org.openqa.selenium.remote.ElementLocation$ElementFinder$2.findElement(ElementLocation.java:165)
at org.openqa.selenium.remote.ElementLocation.findElement(ElementLocation.java:59)
at org.openqa.selenium.remote.RemoteWebDriver.findElement(RemoteWebDriver.java:368)
at org.openqa.selenium.remote.RemoteWebDriver.findElement(RemoteWebDriver.java:362)
at org.openqa.selenium.support.pagefactory.DefaultElementLocator.findElement(DefaultElementLocator.java:68)
at org.openqa.selenium.support.pagefactory.internal.LocatingElementHandler.invoke(LocatingElementHandler.java:38)
at jdk.proxy2/jdk.proxy2.$Proxy42.getText(Unknown Source)
at pageObjects.ProductPage.isSuccessMessageDisplayed(ProductPage.java:69)
at stepDefinitions.ShoppingSteps.success_message_should_be_displayed_for_wishlist(ShoppingSteps.java:108)
at ✽.success message should be displayed for wishlist(file:///C:/Workspaces/Dec2025BatchTest/CloudBerry_BDD_Framework/CloudBerry_BDD_Framework/src/test/resources/features/TC05_AddToWishList.feature:12)
]]>
    </error>
  </testcase> <!-- runScenario -->
  <system-out/>
  <testcase classname="runners.TestRunner" name="runScenario" time="15.659"/>
  <system-out/>
  <testcase classname="runners.TestRunner" name="runScenario" time="35.424">
    <error message="Element &lt;button id=&quot;button-payment-methods&quot; class=&quot;btn btn-primary&quot; type=&quot;button&quot;&gt; is not clickable at point (1163,527) because another element &lt;div id=&quot;modal-shipping&quot; class=&quot;modal show&quot;&gt; obscures it
Build info: version: &#039;4.23.1&#039;, revision: &#039;656257d8e9&#039;
System info: os.name: &#039;Windows 11&#039;, os.arch: &#039;amd64&#039;, os.version: &#039;10.0&#039;, java.version: &#039;21.0.6&#039;
Driver info: org.openqa.selenium.firefox.FirefoxDriver
Command: [a8404683-bbae-4bb2-97b4-e47836e4546f, clickElement {id=796bfcf8-892c-4215-96ba-9c05420bf4e8}]
Capabilities {acceptInsecureCerts: true, browserName: firefox, browserVersion: 146.0.1, moz:accessibilityChecks: false, moz:buildID: 20251217121356, moz:geckodriverVersion: 0.36.0, moz:headless: false, moz:platformVersion: 10.0, moz:processID: 28972, moz:profile: C:\Users\shada\AppData\Loca..., moz:shutdownTimeout: 60000, moz:webdriverClick: true, moz:windowless: false, pageLoadStrategy: normal, platformName: windows, proxy: Proxy(), setWindowRect: true, strictFileInteractability: false, timeouts: {implicit: 0, pageLoad: 300000, script: 30000}, unhandledPromptBehavior: dismiss and notify, userAgent: Mozilla/5.0 (Windows NT 10....}
Element: [[FirefoxDriver: firefox on windows (a8404683-bbae-4bb2-97b4-e47836e4546f)] -&gt; id: button-payment-methods]
Session ID: a8404683-bbae-4bb2-97b4-e47836e4546f" type="org.openqa.selenium.ElementClickInterceptedException">
      <![CDATA[org.openqa.selenium.ElementClickInterceptedException: Element <button id="button-payment-methods" class="btn btn-primary" type="button"> is not clickable at point (1163,527) because another element <div id="modal-shipping" class="modal show"> obscures it
Build info: version: '4.23.1', revision: '656257d8e9'
System info: os.name: 'Windows 11', os.arch: 'amd64', os.version: '10.0', java.version: '21.0.6'
Driver info: org.openqa.selenium.firefox.FirefoxDriver
Command: [a8404683-bbae-4bb2-97b4-e47836e4546f, clickElement {id=796bfcf8-892c-4215-96ba-9c05420bf4e8}]
Capabilities {acceptInsecureCerts: true, browserName: firefox, browserVersion: 146.0.1, moz:accessibilityChecks: false, moz:buildID: 20251217121356, moz:geckodriverVersion: 0.36.0, moz:headless: false, moz:platformVersion: 10.0, moz:processID: 28972, moz:profile: C:\Users\shada\AppData\Loca..., moz:shutdownTimeout: 60000, moz:webdriverClick: true, moz:windowless: false, pageLoadStrategy: normal, platformName: windows, proxy: Proxy(), setWindowRect: true, strictFileInteractability: false, timeouts: {implicit: 0, pageLoad: 300000, script: 30000}, unhandledPromptBehavior: dismiss and notify, userAgent: Mozilla/5.0 (Windows NT 10....}
Element: [[FirefoxDriver: firefox on windows (a8404683-bbae-4bb2-97b4-e47836e4546f)] -> id: button-payment-methods]
Session ID: a8404683-bbae-4bb2-97b4-e47836e4546f
at java.base/jdk.internal.reflect.DirectConstructorHandleAccessor.newInstance(DirectConstructorHandleAccessor.java:62)
at java.base/java.lang.reflect.Constructor.newInstanceWithCaller(Constructor.java:502)
at java.base/java.lang.reflect.Constructor.newInstance(Constructor.java:486)
at org.openqa.selenium.remote.ErrorCodec.decode(ErrorCodec.java:167)
at org.openqa.selenium.remote.codec.w3c.W3CHttpResponseCodec.decode(W3CHttpResponseCodec.java:138)
at org.openqa.selenium.remote.codec.w3c.W3CHttpResponseCodec.decode(W3CHttpResponseCodec.java:50)
at org.openqa.selenium.remote.HttpCommandExecutor.execute(HttpCommandExecutor.java:190)
at org.openqa.selenium.remote.service.DriverCommandExecutor.invokeExecute(DriverCommandExecutor.java:216)
at org.openqa.selenium.remote.service.DriverCommandExecutor.execute(DriverCommandExecutor.java:174)
at org.openqa.selenium.remote.RemoteWebDriver.execute(RemoteWebDriver.java:545)
at org.openqa.selenium.remote.RemoteWebElement.execute(RemoteWebElement.java:223)
at org.openqa.selenium.remote.RemoteWebElement.click(RemoteWebElement.java:76)
at java.base/jdk.internal.reflect.DirectMethodHandleAccessor.invoke(DirectMethodHandleAccessor.java:103)
at java.base/java.lang.reflect.Method.invoke(Method.java:580)
at org.openqa.selenium.support.pagefactory.internal.LocatingElementHandler.invoke(LocatingElementHandler.java:51)
at jdk.proxy2/jdk.proxy2.$Proxy42.click(Unknown Source)
at pageObjects.CheckoutPage.completeCheckout(CheckoutPage.java:47)
at stepDefinitions.ShoppingSteps.user_enters_billing_and_shipping_details(ShoppingSteps.java:76)
at ✽.user enters billing and shipping details(file:///C:/Workspaces/Dec2025BatchTest/CloudBerry_BDD_Framework/CloudBerry_BDD_Framework/src/test/resources/features/TC04_CompletePurchase.feature:14)
]]>
    </error>
  </testcase> <!-- runScenario -->
  <system-out/>
  <testcase classname="runners.TestRunner" name="runScenario" time="8.230"/>
  <system-out/>
  <testcase classname="runners.TestRunner" name="runScenario" time="14.273"/>
  <system-out/>
  <testcase classname="runners.TestRunner" name="runScenario" time="13.353"/>
  <system-out/>
</testsuite> <!-- runners.TestRunner -->
